1328198:C 18 Jul 2021 15:15:23.969 # oO0OoO0OoO0Oo Redis is starting oO0OoO0OoO0Oo
1328198:C 18 Jul 2021 15:15:23.969 # Redis version=255.255.255, bits=64, commit=71c0466c, modified=0, pid=1328198, just started
1328198:C 18 Jul 2021 15:15:23.969 # Configuration loaded
1328198:M 18 Jul 2021 15:15:23.970 * Increased maximum number of open files to 10032 (it was originally set to 1024).
1328198:M 18 Jul 2021 15:15:23.970 * monotonic clock: POSIX clock_gettime
1328198:M 18 Jul 2021 15:15:23.970 * No cluster configuration found, I'm 812335586c27ece36f1e0ee96fb49b147ba1eb52
1328198:M 18 Jul 2021 15:15:23.977 * Running mode=cluster, port=6379.
1328198:M 18 Jul 2021 15:15:23.978 # Server initialized
1328198:M 18 Jul 2021 15:15:23.978 # The append log file doesn't exist: No such file or directory
1328198:M 18 Jul 2021 15:15:23.978 * Ready to accept connections
1328449:C 18 Jul 2021 15:21:28.415 # oO0OoO0OoO0Oo Redis is starting oO0OoO0OoO0Oo
1328449:C 18 Jul 2021 15:21:28.415 # Redis version=255.255.255, bits=64, commit=71c0466c, modified=0, pid=1328449, just started
1328449:C 18 Jul 2021 15:21:28.415 # Configuration loaded
1328449:M 18 Jul 2021 15:21:28.415 * Increased maximum number of open files to 10032 (it was originally set to 1024).
1328449:M 18 Jul 2021 15:21:28.415 * monotonic clock: POSIX clock_gettime
1328449:M 18 Jul 2021 15:21:28.416 * Node configuration loaded, I'm 812335586c27ece36f1e0ee96fb49b147ba1eb52
1328449:M 18 Jul 2021 15:21:28.416 * Running mode=cluster, port=6379.
1328449:M 18 Jul 2021 15:21:28.416 # Server initialized
1328449:M 18 Jul 2021 15:21:28.417 * Ready to accept connections
1328449:M 18 Jul 2021 15:23:31.683 # configEpoch set to 1 via CLUSTER SET-CONFIG-EPOCH
1328449:M 18 Jul 2021 15:23:31.696 # IP address for this node updated to 127.0.0.1
1328449:M 18 Jul 2021 15:23:36.624 # Cluster state changed: ok
1328449:M 18 Jul 2021 16:35:10.335 # User requested shutdown...
1328449:M 18 Jul 2021 16:35:10.335 * Calling fsync() on the AOF file.
1328449:M 18 Jul 2021 16:35:10.339 * Saving the final RDB snapshot before exiting.
1328449:M 18 Jul 2021 16:35:10.342 * DB saved on disk
1328449:M 18 Jul 2021 16:35:10.342 * Removing the pid file.
1328449:M 18 Jul 2021 16:35:10.342 # Redis is now ready to exit, bye bye...
